C51 COMPILER V9.60.0.0   MAIN                                                              05/01/2023 22:28:32 PAGE 1   


C51 COMPILER V9.60.0.0, COMPILATION OF MODULE MAIN
OBJECT MODULE PLACED IN .\Objects\main.obj
COMPILER INVOKED BY: C:\Keil_v5\C51\BIN\C51.EXE main.c OPTIMIZE(8,SPEED) BROWSE DEBUG OBJECTEXTEND PRINT(.\Listings\main
                    -.lst) OBJECT(.\Objects\main.obj)

line level    source

*** WARNING C500 IN LINE 1 OF main.c: LICENSE ERROR (R207(3): REGISTRY READ ERROR)

   1          #include <STC89C5xRC.H>
   2          
   3          #include "TCRT5000.h"
   4          #include "L298N.h"
   5          
   6          // @brief 偏转权
   7          signed char deflection_weight = 0;
   8          
   9          void INTinit()
  10          {
  11   1      
  12   1              EA = 1;
  13   1      }
  14          
  15          void Timer0Init(void) // 1微秒@11.0592MHz
  16          {
  17   1              AUXR &= 0x7F; // 定时器时钟12T模式
  18   1              TMOD &= 0xF0; // 设置定时器模式
  19   1              TMOD |= 0x02; // 设置定时器模式
  20   1              TL0 = 0xFF;       // 设置定时初始值
  21   1              TH0 = 0xFF;       // 设置定时重载值
  22   1              TF0 = 0;          // 清除TF0标志
  23   1              TR0 = 1;          // 定时器0开始计时
  24   1      
  25   1              ET0 = 1;
  26   1      }
  27          
  28          void Timer0Service() interrupt 1
  29          {
  30   1              if (deflection_weight == 0)
  31   1              {
  32   2                      // @brief 左前轮转向控制位
  33   2                      UPPER_LEFT_A = 0;
  34   2                      UPPER_LEFT_B = 1;
  35   2                      // @brief 左后轮转向控制位
  36   2                      LOWER_LEFT_A = 0;
  37   2                      LOWER_LEFT_B = 1;
  38   2      
  39   2                      // @brief 右前轮转向控制位
  40   2                      UPPER_RIGHT_A = 0;
  41   2                      UPPER_RIGHT_B = 1;
  42   2                      // @brief 右后轮转向控制位
  43   2                      LOWER_RIGHT_A = 0;
  44   2                      LOWER_RIGHT_B = 1;
  45   2              }
  46   1              else if (deflection_weight == -1)
  47   1              {
  48   2                      // @brief 左前轮转向控制位
  49   2                      UPPER_LEFT_A = 1;
  50   2                      UPPER_LEFT_B = 0;
  51   2                      // @brief 左后轮转向控制位
  52   2                      LOWER_LEFT_A = 1;
  53   2                      LOWER_LEFT_B = 0;
C51 COMPILER V9.60.0.0   MAIN                                                              05/01/2023 22:28:32 PAGE 2   

  54   2      
  55   2                      // @brief 右前轮转向控制位
  56   2                      UPPER_RIGHT_A = 0;
  57   2                      UPPER_RIGHT_B = 1;
  58   2                      // @brief 右后轮转向控制位
  59   2                      LOWER_RIGHT_A = 0;
  60   2                      LOWER_RIGHT_B = 1;
  61   2              }
  62   1              else if (deflection_weight == 1)
  63   1              {
  64   2                      // @brief 左前轮转向控制位
  65   2                      UPPER_LEFT_A = 0;
  66   2                      UPPER_LEFT_B = 1;
  67   2                      // @brief 左后轮转向控制位
  68   2                      LOWER_LEFT_A = 0;
  69   2                      LOWER_LEFT_B = 1;
  70   2      
  71   2                      // @brief 右前轮转向控制位
  72   2                      UPPER_RIGHT_A = 1;
  73   2                      UPPER_RIGHT_B = 0;
  74   2                      // @brief 右后轮转向控制位
  75   2                      LOWER_RIGHT_A = 1;
  76   2                      LOWER_RIGHT_B = 0;
  77   2              }
  78   1      }
  79          
  80          void main()
  81          {
  82   1              // 初始化
  83   1              Timer0Init();
  84   1              INTinit();
  85   1      
  86   1              // 获取偏转权
  87   1              while (1)
  88   1              {
  89   2                      deflection_weight = get_deflection_weight();
  90   2              }
  91   1      }


MODULE INFORMATION:   STATIC OVERLAYABLE
   CODE SIZE        =    124    ----
   CONSTANT SIZE    =   ----    ----
   XDATA SIZE       =   ----    ----
   PDATA SIZE       =   ----    ----
   DATA SIZE        =      1    ----
   IDATA SIZE       =   ----    ----
   BIT SIZE         =   ----    ----
END OF MODULE INFORMATION.


C51 COMPILATION COMPLETE.  1 WARNING(S),  0 ERROR(S)
