C51 COMPILER V9.60.0.0   TCRT5000                                                          05/01/2023 22:28:32 PAGE 1   


C51 COMPILER V9.60.0.0, COMPILATION OF MODULE TCRT5000
OBJECT MODULE PLACED IN .\Objects\TCRT5000.obj
COMPILER INVOKED BY: C:\Keil_v5\C51\BIN\C51.EXE TCRT5000.c OPTIMIZE(8,SPEED) BROWSE DEBUG OBJECTEXTEND PRINT(.\Listings\
                    -TCRT5000.lst) OBJECT(.\Objects\TCRT5000.obj)

line level    source

*** WARNING C500 IN LINE 1 OF TCRT5000.c: LICENSE ERROR (R207(3): REGISTRY READ ERROR)

   1          #include <STC89C5xRC.H>
   2          
   3          #include "TCRT5000.H"
   4          
   5          // @brief 0 直走；1 左触发；-1右触发
   6          signed char get_deflection_weight()
   7          {
   8   1      
   9   1              static signed char backup = 0;
  10   1      
  11   1              if (D2 == 1)
  12   1              {
  13   2                      backup = 0;
  14   2                      return 0;
  15   2              }
  16   1              if (D3 == 1)
  17   1              {
  18   2                      backup = 0;
  19   2                      return 0;
  20   2              }
  21   1      
  22   1              if (D1 == 1)
  23   1              {
  24   2                      backup = 1;
  25   2                      return 1;
  26   2              }
  27   1              if (D4 == 1)
  28   1              {
  29   2                      backup = -1;
  30   2                      return -1;
  31   2              }
  32   1      
  33   1              return backup;
  34   1      }


MODULE INFORMATION:   STATIC OVERLAYABLE
   CODE SIZE        =     34    ----
   CONSTANT SIZE    =   ----    ----
   XDATA SIZE       =   ----    ----
   PDATA SIZE       =   ----    ----
   DATA SIZE        =      1    ----
   IDATA SIZE       =   ----    ----
   BIT SIZE         =   ----    ----
END OF MODULE INFORMATION.


C51 COMPILATION COMPLETE.  1 WARNING(S),  0 ERROR(S)
