C51 COMPILER V9.60.0.0   MAIN                                                              05/17/2023 02:40:21 PAGE 1   


C51 COMPILER V9.60.0.0, COMPILATION OF MODULE MAIN
OBJECT MODULE PLACED IN .\Objects\main.obj
COMPILER INVOKED BY: C:\Keil_v5\C51\BIN\C51.EXE main.c OPTIMIZE(8,SPEED) BROWSE DEBUG OBJECTEXTEND PRINT(.\Listings\main
                    -.lst) OBJECT(.\Objects\main.obj)

line level    source

*** WARNING C500 IN LINE 1 OF main.c: LICENSE ERROR (R207(3): REGISTRY READ ERROR)

   1          #include <STC89C5xRC.H>
   2          
   3          #include "TCRT5000.h"
   4          #include "L298N.h"
   5          
   6          #define ONLY_GO 0
   7          #define GO 1
   8          #define STOP_W5S 2
   9          
  10          unsigned char stage = ONLY_GO;
  11          unsigned char start_stopline = 0;
  12          
  13          void Timer0Init(void)           //1毫秒@11.0592MHz
  14          {
  15   1              AUXR &= 0x7F;           //定时器时钟12T模式
  16   1              TMOD &= 0xF0;           //设置定时器模式
  17   1              TL0 = 0x66;             //设置定时初始值
  18   1              TH0 = 0xFC;             //设置定时初始值
  19   1              TF0 = 0;                //清除TF0标志
  20   1              
  21   1              ET0 = 1;
  22   1      }
  23          
  24          unsigned int t0cnt = 0;
  25          unsigned char t0ok = 0;
  26          void serviceTimer0() interrupt 1
  27          {
  28   1              
  29   1              if(t0cnt > 0){
  30   2                      t0cnt--;
  31   2              }
  32   1              else{
  33   2                      t0ok = 1;
  34   2                      TR0 = 0;
  35   2              }
  36   1                      
  37   1      }
  38          
  39          void t0start(unsigned int time){
  40   1              
  41   1              t0ok = 0;
  42   1              t0cnt = time;
  43   1              TR0 = 1;
  44   1              
  45   1      }
  46          
  47          
  48          void main()
  49          {
  50   1              
  51   1              unsigned char real_action;
  52   1              unsigned char backup_action;
  53   1              
C51 COMPILER V9.60.0.0   MAIN                                                              05/17/2023 02:40:21 PAGE 2   

  54   1              unsigned int real_pwm = 0;
  55   1      
  56   1              stage = ONLY_GO;
  57   1              
  58   1              Timer0Init();
  59   1              EA = 1;
  60   1              
  61   1              t0start(400);
  62   1              
  63   1              while (1)
  64   1              {
  65   2                      backup_action = real_action;
  66   2                      
  67   2                      if(t0ok == 1 && stage == ONLY_GO){
  68   3                              stage = GO;
  69   3                      }
  70   2                      
  71   2                      real_action = get_action();
  72   2                      
  73   2                      real_pwm = (real_pwm + 1) % 100;
  74   2                      
  75   2                      if (real_action == X){
  76   3                              start_stopline = (start_stopline + 1) % 2;
  77   3                              if (start_stopline == 1 && stage == GO){
  78   4                                      
  79   4                                      t0start(10);
  80   4                                      
  81   4                                      while(!t0ok){
  82   5                                              
  83   5                                              if(backup_action == TURN_LEFT || backup_action == TURN_LEFT_SMALL){
  84   6                                                      left_side(0);
  85   6                                                      right_side(1);
  86   6                                              }
  87   5                                              if(backup_action == TURN_RIGHT || backup_action == TURN_RIGHT_SMALL){
  88   6                                                      left_side(1);
  89   6                                                      right_side(0);
  90   6                                              }
  91   5                                      
  92   5                                      }
  93   4                                      
  94   4                                      
  95   4                                      t0start(75);
  96   4                                      
  97   4                                      left_side(1);
  98   4                                      right_side(1);
  99   4                                      
 100   4                                      while(!t0ok);
 101   4                                      
 102   4                                      t0start(550);
 103   4                                      
 104   4                                      right_side(120);
 105   4                                      left_side(120);
 106   4                                      
 107   4                                      while(!t0ok);
 108   4                                      
 109   4                                      stage = GO;
 110   4                                      continue;
 111   4                              }
 112   3                              else{
 113   4                                      t0start(3);
 114   4                                      right_side(1);
 115   4                                      left_side(1);
C51 COMPILER V9.60.0.0   MAIN                                                              05/17/2023 02:40:21 PAGE 3   

 116   4                                      
 117   4                                      while(!t0ok);
 118   4                                      continue;
 119   4                              }
 120   3                      }
 121   2                      
 122   2                      if (real_action == TURN_LEFT)
 123   2                      {
 124   3                              
 125   3                              if(real_pwm > 40)
 126   3                              {
 127   4                                      right_side(1);
 128   4                                      left_side(0);
 129   4                              }
 130   3                              else
 131   3                              {
 132   4                                      right_side(120);
 133   4                                      left_side(120);
 134   4                              }
 135   3                              continue;
 136   3                      }
 137   2                      
 138   2                      if (real_action == TURN_RIGHT)
 139   2                      {
 140   3                              if(real_pwm > 40)
 141   3                              {
 142   4                                      left_side(1);
 143   4                                      right_side(0);
 144   4                              }
 145   3                              else
 146   3                              {
 147   4                                      left_side(120);
 148   4                                      right_side(120);
 149   4                              }
 150   3                              continue;
 151   3                      }
 152   2                      
 153   2                      if (real_action == TURN_RIGHT_SMALL)
 154   2                      {
 155   3                              
 156   3                              if(real_pwm > 5)
 157   3                              {
 158   4                                      right_side(1);
 159   4                                      left_side(1);
 160   4                              }
 161   3                              else
 162   3                              {
 163   4                                      right_side(120);
 164   4                                      left_side(1);
 165   4                              }
 166   3                              continue;
 167   3                      }
 168   2                      
 169   2                      if (real_action == TURN_LEFT_SMALL)
 170   2                      {
 171   3                              if(real_pwm > 5)
 172   3                              {
 173   4                                      left_side(1);
 174   4                                      right_side(1);
 175   4                              }
 176   3                              else
 177   3                              {
C51 COMPILER V9.60.0.0   MAIN                                                              05/17/2023 02:40:21 PAGE 4   

 178   4                                      left_side(120);
 179   4                                      right_side(1);
 180   4                              }
 181   3                              continue;
 182   3                      }
 183   2                      
 184   2                      else if (real_action == GO_STR)
 185   2                      {
 186   3                              
 187   3                              left_side(1);
 188   3                              right_side(1);
 189   3                              continue;
 190   3                      }
 191   2              }
 192   1      }


MODULE INFORMATION:   STATIC OVERLAYABLE
   CODE SIZE        =    436    ----
   CONSTANT SIZE    =   ----    ----
   XDATA SIZE       =   ----    ----
   PDATA SIZE       =   ----    ----
   DATA SIZE        =      5       4
   IDATA SIZE       =   ----    ----
   BIT SIZE         =   ----    ----
END OF MODULE INFORMATION.


C51 COMPILATION COMPLETE.  1 WARNING(S),  0 ERROR(S)
