C51 COMPILER V9.60.0.0   MAIN                                                              05/02/2023 23:06:56 PAGE 1   


C51 COMPILER V9.60.0.0, COMPILATION OF MODULE MAIN
OBJECT MODULE PLACED IN .\Objects\main.obj
COMPILER INVOKED BY: C:\Keil_v5\C51\BIN\C51.EXE main.c OPTIMIZE(8,SPEED) BROWSE DEBUG OBJECTEXTEND PRINT(.\Listings\main
                    -.lst) OBJECT(.\Objects\main.obj)

line level    source

*** WARNING C500 IN LINE 1 OF main.c: LICENSE ERROR (R207(3): REGISTRY READ ERROR)

   1          #include <STC89C5xRC.H>
   2          
   3          #include "TCRT5000.h"
   4          #include "L298N.h"
   5          
   6          
   7          
   8          void main()
   9          {
  10   1              
  11   1              ACTION_t real_action;
  12   1              
  13   1              unsigned int real_pwm = 0;
  14   1              
  15   1              
  16   1              while (1)
  17   1              {
  18   2                      real_action = get_action();
  19   2                      
  20   2                      real_pwm = (real_pwm + 1) % 100;
  21   2                      
  22   2                      if (real_action == TURN_LEFT)
  23   2                      {
  24   3                              
  25   3                              if(real_pwm > 40)
  26   3                              {
  27   4                                      right_side(1);
  28   4                                      left_side(0);
  29   4                              }
  30   3                              else
  31   3                              {
  32   4                                      right_side(120);
  33   4                                      left_side(120);
  34   4                              }
  35   3                              continue;
  36   3                      }
  37   2                      
  38   2                      else if (real_action == TRUN_RIGHT)
  39   2                      {
  40   3                              if(real_pwm > 40)
  41   3                              {
  42   4                                      left_side(1);
  43   4                                      right_side(0);
  44   4                              }
  45   3                              else
  46   3                              {
  47   4                                      left_side(120);
  48   4                                      right_side(120);
  49   4                              }
  50   3                              continue;
  51   3                      }
  52   2                      
  53   2                      /*else if (real_action == GO_STR)
C51 COMPILER V9.60.0.0   MAIN                                                              05/02/2023 23:06:56 PAGE 2   

  54   2                      {
  55   2                              left_side(1);
  56   2                              right_side(1);
  57   2                              continue;
  58   2                      }
  59   2                      */
  60   2                      else if (real_action == GO_STR)
  61   2                      {
  62   3                              if(real_pwm > 10)
  63   3                              {
  64   4                                      left_side(1);
  65   4                                      right_side(1);
  66   4                              }
  67   3                              else
  68   3                              {
  69   4                                      left_side(0);
  70   4                                      right_side(0);
  71   4                              }
  72   3                              continue;
  73   3                      }
  74   2              }
  75   1      }


MODULE INFORMATION:   STATIC OVERLAYABLE
   CODE SIZE        =    143    ----
   CONSTANT SIZE    =   ----    ----
   XDATA SIZE       =   ----    ----
   PDATA SIZE       =   ----    ----
   DATA SIZE        =   ----       3
   IDATA SIZE       =   ----    ----
   BIT SIZE         =   ----    ----
END OF MODULE INFORMATION.


C51 COMPILATION COMPLETE.  1 WARNING(S),  0 ERROR(S)
